<?xml version="1.0" encoding="UTF-8" ?>
<testsuite tests="19" failures="0" name="bank.testrunner.RunTest" time="0.567" errors="0" skipped="0">
  <properties>
[...]
</properties>
  <testcase classname="Scenario: Login functionality for valid username and valid password" name="When user opens the &quot;Chrome&quot; browser and exepath &quot;G:\\Automation Tools\\chromedriver_win32\\chromedriver.exe&quot;" time="0.009"/>
  <testcase classname="Scenario: Login functionality for valid username and valid password" name="When user opens the url &quot;http://primusbank.qedgetech.com/&quot;" time="0"/>
  <testcase classname="Scenario: Login functionality for valid username and valid password" name="When user enters &quot;Admin&quot; as a username" time="0"/>
  <testcase classname="Scenario: Login functionality for valid username and valid password" name="When user enters &quot;Admin&quot; as a password" time="0"/>
  <testcase classname="Scenario: Login functionality for valid username and valid password" name="When user click on the &quot;Login&quot; button" time="0"/>
  <testcase classname="Scenario: Login functionality for valid username and valid password" name="Then the user is on the &quot;ADMIN&quot; page and get message as Welcome to Admin" time="0"/>
  <testcase classname="Scenario: Login functionality for valid username and valid password" name="Scenario: Login functionality for valid username and valid password" time="0.448"/>
  <testcase classname="Scenario: Login functionality for valid username and valid password" name="When user opens the &quot;Chrome&quot; browser and exepath &quot;G:\\Automation Tools\\chromedriver_win32\\chromedriver.exe&quot;" time="0"/>
  <testcase classname="Scenario: Login functionality for valid username and valid password" name="When user opens the url &quot;http://primusbank.qedgetech.com/&quot;" time="0"/>
  <testcase classname="Scenario: Login functionality for valid username and valid password" name="When user enters &quot;Admin&quot; as a username" time="0"/>
  <testcase classname="Scenario: Login functionality for valid username and valid password" name="When user enters &quot;Admin&quot; as a password" time="0"/>
  <testcase classname="Scenario: Login functionality for valid username and valid password" name="When user click on the &quot;Login&quot; button" time="0"/>
  <testcase classname="Scenario: Login functionality for valid username and valid password" name="When user able to click on &quot;Branch&quot; button" time="0"/>
  <testcase classname="Scenario: Login functionality for valid username and valid password" name="When user able to select Country as &quot;INDIA&quot;" time="0"/>
  <testcase classname="Scenario: Login functionality for valid username and valid password" name="When user able to select State as &quot;MAHARASTRA&quot;" time="0"/>
  <testcase classname="Scenario: Login functionality for valid username and valid password" name="When user able to select City as &quot;MUMBAI&quot;" time="0"/>
  <testcase classname="Scenario: Login functionality for valid username and valid password" name="When user able to click &quot;Search&quot; button" time="0.001"/>
  <testcase classname="Scenario: Login functionality for valid username and valid password" name="Then user able to see &quot;Mumbai&quot; city results" time="0"/>
  <testcase classname="Scenario: Login functionality for valid username and valid password" name="Scenario: Login functionality for valid username and valid password" time="0.109"/>
</testsuite>